This file contains any messages produced by compilers while
running configure, to aid debugging if configure makes a mistake.

It was created by nagtrap configure 1.5.0, which was
generated by GNU Autoconf 2.68.  Invocation command line was

  $ ./configure 

## --------- ##
## Platform. ##
## --------- ##

hostname = nagios.noc.kv.aval
uname -m = i686
uname -r = 2.6.18-194.el5PAE
uname -s = Linux
uname -v = #1 SMP Tue Mar 16 22:00:21 EDT 2010

/usr/bin/uname -p = unknown
/bin/uname -X     = unknown

/bin/arch              = i686
/usr/bin/arch -k       = unknown
/usr/convex/getsysinfo = unknown
/usr/bin/hostinfo      = unknown
/bin/machine           = unknown
/usr/bin/oslevel       = unknown
/bin/universe          = unknown

PATH: /usr/kerberos/sbin
PATH: /usr/kerberos/bin
PATH: /usr/local/bin
PATH: /bin
PATH: /usr/bin
PATH: /home/ytymoshevskyi/bin


## ----------- ##
## Core tests. ##
## ----------- ##

configure:1797: checking for a BSD-compatible install
configure:1865: result: /usr/bin/install -c
configure:1876: checking whether build environment is sane
configure:1926: result: yes
configure:2067: checking for a thread-safe mkdir -p
configure:2106: result: /bin/mkdir -p
configure:2119: checking for gawk
configure:2135: found /bin/gawk
configure:2146: result: gawk
configure:2157: checking whether make sets $(MAKE)
configure:2179: result: yes
configure:2263: checking build system type
configure:2277: result: i686-pc-linux-gnu
configure:2297: checking host system type
configure:2310: result: i686-pc-linux-gnu
configure:2338: checking for perl
configure:2356: found /usr/bin/perl
configure:2368: result: /usr/bin/perl
configure:2491: checking for Nagios/Icinga installation
configure:2503: result: found
configure:2534: checking for htpasswd.users file
configure:2552: result: not found
configure:2560: checking for Nagios/Icinga libexec dir
configure:2572: result: found
configure:2585: checking for Perl Module Time::HiRes
configure:2593: result: yes
configure:2597: checking for Perl Module Getopt::Long
configure:2605: result: yes
configure:2761: creating ./config.status

## ---------------------- ##
## Running config.status. ##
## ---------------------- ##

This file was extended by nagtrap config.status 1.5.0, which was
generated by GNU Autoconf 2.68.  Invocation command line was

  CONFIG_FILES    = 
  CONFIG_HEADERS  = 
  CONFIG_LINKS    = 
  CONFIG_COMMANDS = 
  $ ./config.status 

on nagios.noc.kv.aval

config.status:781: creating subst
config.status:781: creating Makefile
config.status:781: creating share/Makefile
config.status:781: creating etc/Makefile
config.status:781: creating plugin/Makefile
configure:3806: result: *** Configuration summary for nagtrap 1.5.0 31-05-2012 ***:
configure:3813: result:     Monitoring user/group:  nagios,nagios
configure:3815: result:        Command user/group:  nagios,nagios
configure:3817: result:    Monitoring install dir:  /usr/local/nagios
configure:3819: result:    Monitoring libexec dir:  /usr/local/nagios/libexec
configure:3821: result:             htpasswd file:  no
configure:3825: result:         Install ${prefix}:  /usr/local/nagtrap
configure:3827: result:               Include dir:  ${prefix}/include
configure:3829: result:                Config dir:  ${prefix}/etc
configure:3831: result:                   Log dir:  ${prefix}/var/log
configure:3835: result:   Apache conf.d directory:  /etc/httpd/conf.d
configure:3837: result:                   Host OS:  linux-gnu
configure:3844: result:                  HTML URL:  http://localhost/nagtrap/

## ---------------- ##
## Cache variables. ##
## ---------------- ##

ac_cv_build=i686-pc-linux-gnu
ac_cv_env_build_alias_set=
ac_cv_env_build_alias_value=
ac_cv_env_host_alias_set=
ac_cv_env_host_alias_value=
ac_cv_env_target_alias_set=
ac_cv_env_target_alias_value=
ac_cv_host=i686-pc-linux-gnu
ac_cv_path_PERL=/usr/bin/perl
ac_cv_path_install='/usr/bin/install -c'
ac_cv_path_mkdir=/bin/mkdir
ac_cv_prog_AWK=gawk
ac_cv_prog_make_make_set=yes

## ----------------- ##
## Output variables. ##
## ----------------- ##

ACLOCAL='${SHELL} /home/ytymoshevskyi/nagtrap-1.5.0/missing --run aclocal-1.11'
AMTAR='$${TAR-tar}'
AUTOCONF='${SHELL} /home/ytymoshevskyi/nagtrap-1.5.0/missing --run autoconf'
AUTOHEADER='${SHELL} /home/ytymoshevskyi/nagtrap-1.5.0/missing --run autoheader'
AUTOMAKE='${SHELL} /home/ytymoshevskyi/nagtrap-1.5.0/missing --run automake-1.11'
AWK='gawk'
COMMAND_OPTS='-o nagios -g nagios'
CYGPATH_W='echo'
DEFS='-DPACKAGE_NAME=\"nagtrap\" -DPACKAGE_TARNAME=\"nagtrap\" -DPACKAGE_VERSION=\"1.5.0\" -DPACKAGE_STRING=\"nagtrap\ 1.5.0\" -DPACKAGE_BUGREPORT=\"michael_luebben@web.de\" -DPACKAGE_URL=\"\" -DPACKAGE=\"nagtrap\" -DVERSION=\"1.5.0\" -DDEFAULT_monitoring_USER=\"nagios\" -DDEFAULT_monitoring_GROUP=\"nagios\"'
ECHO_C=''
ECHO_N='-n'
ECHO_T=''
HTPASSWDUSERS_FILE='no'
HTTPD_CONF='/etc/httpd/conf.d'
INSTALL_DATA='${INSTALL} -m 644'
INSTALL_OPTS='-o nagios -g nagios'
INSTALL_PROGRAM='${INSTALL}'
INSTALL_SCRIPT='${INSTALL}'
INSTALL_STRIP_PROGRAM='$(install_sh) -c -s'
LIBOBJS=''
LIBS=''
LOGDIR='${prefix}/var/log'
LTLIBOBJS=''
MAKEINFO='${SHELL} /home/ytymoshevskyi/nagtrap-1.5.0/missing --run makeinfo'
MKDIR_P='/bin/mkdir -p'
MONITORING_INSTALLDIR='/usr/local/nagios'
MONITORING_LIBEXECDIR='/usr/local/nagios/libexec'
PACKAGE='nagtrap'
PACKAGE_BUGREPORT='michael_luebben@web.de'
PACKAGE_NAME='nagtrap'
PACKAGE_STRING='nagtrap 1.5.0'
PACKAGE_TARNAME='nagtrap'
PACKAGE_URL=''
PACKAGE_VERSION='1.5.0'
PATH_SEPARATOR=':'
PERL='/usr/bin/perl'
PKG_HOME_URL='http://www.monitoring-portal.org/wbb/index.php?page=Board&boardID=59'
PKG_NAME='nagtrap'
PKG_REL_DATE='31-05-2012'
PKG_VERSION='1.5.0'
SET_MAKE=''
SHELL='/bin/sh'
STRIP=''
VERSION='1.5.0'
ac_configure_args=''
am__isrc=''
am__leading_dot='.'
am__tar='$${TAR-tar} chof - "$$tardir"'
am__untar='$${TAR-tar} xf -'
bindir='${exec_prefix}/bin'
build='i686-pc-linux-gnu'
build_alias=''
build_cpu='i686'
build_os='linux-gnu'
build_vendor='pc'
command_grp='nagios'
command_user='nagios'
datadir='${datarootdir}'
datarootdir='${prefix}/share'
docdir='${datarootdir}/doc/${PACKAGE_TARNAME}'
dvidir='${docdir}'
exec_prefix='${prefix}'
host='i686-pc-linux-gnu'
host_alias=''
host_cpu='i686'
host_os='linux-gnu'
host_vendor='pc'
htmldir='${docdir}'
htmurl='/nagtrap'
includedir='${prefix}/include'
infodir='${datarootdir}/info'
install_sh='${SHELL} /home/ytymoshevskyi/nagtrap-1.5.0/install-sh'
libdir='${exec_prefix}/lib'
libexecdir='${exec_prefix}/libexec'
localedir='${datarootdir}/locale'
localstatedir='${prefix}/var'
mandir='${datarootdir}/man'
mkdir_p='/bin/mkdir -p'
monitoring_grp='nagios'
monitoring_user='nagios'
oldincludedir='/usr/include'
pdfdir='${docdir}'
prefix='/usr/local/nagtrap'
program_transform_name='s,x,x,'
psdir='${docdir}'
sbindir='${exec_prefix}/sbin'
sharedstatedir='${prefix}/com'
sysconfdir='${prefix}/etc'
target_alias=''

## ----------- ##
## confdefs.h. ##
## ----------- ##

/* confdefs.h */
#define PACKAGE_NAME "nagtrap"
#define PACKAGE_TARNAME "nagtrap"
#define PACKAGE_VERSION "1.5.0"
#define PACKAGE_STRING "nagtrap 1.5.0"
#define PACKAGE_BUGREPORT "michael_luebben@web.de"
#define PACKAGE_URL ""
#define PACKAGE "nagtrap"
#define VERSION "1.5.0"
#define DEFAULT_monitoring_USER "nagios"
#define DEFAULT_monitoring_GROUP "nagios"

configure: exit 0
